2018-11-04 20:49:59 pid:7824 Workerman[start.php] start in DEBUG mode
2018-11-04 20:53:36 pid:7824 Workerman[start.php] stopping ...
2018-11-04 20:53:36 pid:7824 Workerman[start.php] has been stopped
2018-11-04 20:53:54 pid:7831 Workerman[start.php] start in DEBUG mode
2018-11-05 14:53:33 pid:7831 Workerman[start.php] stopping ...
2018-11-05 14:53:33 pid:7831 Workerman[start.php] has been stopped
2018-11-05 20:57:08 pid:8965 Workerman[start.php] start in DEBUG mode
2018-11-11 22:04:05 pid:1140 Workerman[start.php] start in DEBUG mode
2018-11-13 21:26:51 pid:3951 Workerman[start.php] start in DEBUG mode
2018-11-13 21:26:51 pid:3951 Workerman[start.php] already running
2020-03-26 15:41:51 pid:20961 Workerman[start.php] start in DAEMON mode
2020-03-28 13:52:59 pid:13522 Workerman[start.php] start in DAEMON mode
2020-03-28 22:39:21 pid:19790 Workerman[start.php] restart 
2020-03-28 22:39:21 pid:19790 Workerman[start.php] is stopping ...
2020-03-28 22:39:21 pid:13524 Workerman[start.php] stopping ...
2020-03-28 22:39:21 pid:13524 Workerman[start.php] has been stopped
2020-03-28 22:39:21 pid:19790 Workerman[start.php] stop success
2020-04-01 08:29:43 pid:2733 Workerman[start.php] start in DAEMON mode
2020-02-20 14:46:38 pid:10532 Workerman[start.php] start in DAEMON mode
2020-02-20 14:57:23 pid:11083 Workerman[start.php] start in DAEMON mode
2020-02-20 14:57:23 pid:11083 Workerman[start.php] already running
2020-02-20 16:40:57 pid:10534 Workerman[start.php] stopping ...
2020-02-20 16:41:46 pid:9993 Workerman[start.php] start in DAEMON mode
2020-02-20 16:42:00 pid:10018 Workerman[start.php] start in DAEMON mode
2020-02-21 05:30:01 pid:48850 Workerman[start.php] start in DAEMON mode
2020-02-21 05:30:01 pid:48850 Workerman[start.php] already running
2020-02-21 11:02:34 pid:66101 Workerman[start.php] start in DAEMON mode
2020-02-21 11:02:34 pid:66101 Workerman[start.php] already running
2020-02-21 17:50:58 pid:13917 Workerman[start.php] start in DAEMON mode
2020-02-22 05:30:01 pid:48375 Workerman[start.php] start in DAEMON mode
2021-07-02 16:38:03 pid:23380 Workerman[start.php] start in DAEMON mode
2021-07-02 17:13:38 pid:4954 Workerman[start.php] start in DAEMON mode
